<?xml version="1.0" encoding="UTF-8"?>
<!-- Generated by org.testng.reporters.JUnitReportReporter -->
<testsuite hostname="Lenovo-Ideapad" failures="0" tests="1" name="com.mystore.testcases.TC_ProductPageTest" time="3.796" errors="0" timestamp="2023-10-24T12:38:36 IST" skipped="0">
  <testcase classname="com.mystore.testcases.TC_ProductPageTest" name="verifySearchProduct" time="3.796"/>
  <system-out/>
</testsuite> <!-- com.mystore.testcases.TC_ProductPageTest -->
